<?xml version="1.0" encoding="UTF-8"?>
<testsuite xmlns:xsi="http://www.w3.org/2001/XMLSchema-instance" xsi:noNamespaceSchemaLocation="https://maven.apache.org/surefire/maven-surefire-plugin/xsd/surefire-test-report-3.0.xsd" version="3.0" name="org.jnd.car.controller.CarsResourceTest" time="7.234" tests="1" errors="0" skipped="0" failures="0">
  <properties>
[...]
</properties>
  <testcase name="testQuotesEventStream" classname="org.jnd.car.controller.CarsResourceTest" time="1.535">
    <system-out><![CDATA[2022-05-16 14:13:09,670 INFO  [org.jbo.threads] (main) JBoss Threads version 3.4.2.Final
2022-05-16 14:13:10,504 INFO  [io.qua.sma.dep.processor] (build-18) Configuring the channel 'cars' to be managed by the connector 'smallrye-kafka'
2022-05-16 14:13:10,505 INFO  [io.qua.sma.dep.processor] (build-18) Configuring the channel 'car-requests' to be managed by the connector 'smallrye-kafka'
2022-05-16 14:13:11,486 WARN  [io.sma.rea.mes.kafka] (main) SRMSG18216: No `group.id` set in the configuration, generate a random id: 062551ab-dc74-4d2d-9172-8ceda106ec1d
2022-05-16 14:13:11,488 INFO  [io.sma.rea.mes.kafka] (main) SRMSG18229: Configured topics for channel 'cars': [cars]
2022-05-16 14:13:11,498 INFO  [io.sma.rea.mes.kafka] (main) SRMSG18214: Key deserializer omitted, using String as default
2022-05-16 14:13:11,780 INFO  [org.apa.kaf.com.sec.aut.AbstractLogin] (main) Successfully logged in.
2022-05-16 14:13:12,145 INFO  [io.sma.rea.mes.kafka] (main) SRMSG18258: Kafka producer kafka-producer-car-requests, connected to Kafka brokers 'my-cluster2-kafka-bootstrap-kafka-cluster2.apps.sno.openshiftlabs.net:443', is configured to write records to 'car-requests'
2022-05-16 14:13:12,364 INFO  [io.quarkus] (main) Quarkus 2.8.1.Final on JVM started in 3.296s. Listening on: http://localhost:8081
2022-05-16 14:13:12,364 INFO  [io.quarkus] (main) Profile test activated. 
2022-05-16 14:13:12,364 INFO  [io.quarkus] (main) Installed features: [cdi, kafka-client, resteasy-reactive, resteasy-reactive-jackson, smallrye-context-propagation, smallrye-health, smallrye-reactive-messaging, smallrye-reactive-messaging-kafka, vertx]
]]></system-out>
  </testcase>
</testsuite>